<?xml version="1.0" encoding="UTF-8"?>
<testng-results ignored="0" total="1" passed="1" failed="0" skipped="0">
  <reporter-output>
  </reporter-output>
  <suite started-at="2025-03-18T11:11:22 IST" name="Default suite" finished-at="2025-03-18T11:11:23 IST" duration-ms="1408">
    <groups>
    </groups>
    <test started-at="2025-03-18T11:11:22 IST" name="Default test" finished-at="2025-03-18T11:11:23 IST" duration-ms="1408">
      <class name="pac3.DatabaseConnectionTest">
        <test-method signature="databaseTest()[pri:0, instance:pac3.DatabaseConnectionTest@235834f2]" started-at="2025-03-18T11:11:22 IST" name="databaseTest" finished-at="2025-03-18T11:11:23 IST" duration-ms="1299" status="PASS">
          <reporter-output>
          </reporter-output>
        </test-method> <!-- databaseTest -->
      </class> <!-- pac3.DatabaseConnectionTest -->
    </test> <!-- Default test -->
  </suite> <!-- Default suite -->
</testng-results>
